CRITICAL - 2021-06-27 04:55:15 --> Undefined variable $categories
#0 /var/www/html/curso-udemy-ci4/app/Views/dashboard/movie/_form.php(14): CodeIgniter\Debug\Exceptions->errorHandler(2, 'Undefined varia...', '/var/www/html/c...', 14)
#1 /var/www/html/curso-udemy-ci4/vendor/codeigniter4/framework/system/View/View.php(230): include('/var/www/html/c...')
#2 /var/www/html/curso-udemy-ci4/vendor/codeigniter4/framework/system/View/View.php(232): CodeIgniter\View\View->CodeIgniter\View\{closure}()
#3 /var/www/html/curso-udemy-ci4/vendor/codeigniter4/framework/system/Common.php(1271): CodeIgniter\View\View->render('dashboard/movie...', Array, true)
#4 /var/www/html/curso-udemy-ci4/app/Views/dashboard/movie/edit.php(6): view('dashboard/movie...', Array)
#5 /var/www/html/curso-udemy-ci4/vendor/codeigniter4/framework/system/View/View.php(230): include('/var/www/html/c...')
#6 /var/www/html/curso-udemy-ci4/vendor/codeigniter4/framework/system/View/View.php(232): CodeIgniter\View\View->CodeIgniter\View\{closure}()
#7 /var/www/html/curso-udemy-ci4/vendor/codeigniter4/framework/system/Common.php(1271): CodeIgniter\View\View->render('dashboard/movie...', Array, true)
#8 /var/www/html/curso-udemy-ci4/app/Controllers/Movie.php(148): view('dashboard/movie...', Array)
#9 /var/www/html/curso-udemy-ci4/app/Controllers/Movie.php(90): App\Controllers\Movie->_loadDefaultView('Crear pelicula', Array, 'edit')
#10 /var/www/html/curso-udemy-ci4/vendor/codeigniter4/framework/system/CodeIgniter.php(928): App\Controllers\Movie->edit('26')
#11 /var/www/html/curso-udemy-ci4/vendor/codeigniter4/framework/system/CodeIgniter.php(436): CodeIgniter\CodeIgniter->runController(Object(App\Controllers\Movie))
#12 /var/www/html/curso-udemy-ci4/vendor/codeigniter4/framework/system/CodeIgniter.php(336): CodeIgniter\CodeIgniter->handleRequest(NULL, Object(Config\Cache), false)
#13 /var/www/html/curso-udemy-ci4/index.php(37): CodeIgniter\CodeIgniter->run()
#14 {main}
CRITICAL - 2021-06-27 05:05:26 --> Object of class stdClass could not be converted to string
#0 /var/www/html/curso-udemy-ci4/vendor/codeigniter4/framework/system/View/View.php(230): include()
#1 /var/www/html/curso-udemy-ci4/vendor/codeigniter4/framework/system/View/View.php(232): CodeIgniter\View\View->CodeIgniter\View\{closure}()
#2 /var/www/html/curso-udemy-ci4/vendor/codeigniter4/framework/system/Common.php(1271): CodeIgniter\View\View->render('dashboard/movie...', Array, true)
#3 /var/www/html/curso-udemy-ci4/app/Views/dashboard/movie/new.php(4): view('dashboard/movie...', Array)
#4 /var/www/html/curso-udemy-ci4/vendor/codeigniter4/framework/system/View/View.php(230): include('/var/www/html/c...')
#5 /var/www/html/curso-udemy-ci4/vendor/codeigniter4/framework/system/View/View.php(232): CodeIgniter\View\View->CodeIgniter\View\{closure}()
#6 /var/www/html/curso-udemy-ci4/vendor/codeigniter4/framework/system/Common.php(1271): CodeIgniter\View\View->render('dashboard/movie...', Array, true)
#7 /var/www/html/curso-udemy-ci4/app/Controllers/Movie.php(150): view('dashboard/movie...', Array)
#8 /var/www/html/curso-udemy-ci4/app/Controllers/Movie.php(54): App\Controllers\Movie->_loadDefaultView('Crear pelicula', Array, 'new')
#9 /var/www/html/curso-udemy-ci4/vendor/codeigniter4/framework/system/CodeIgniter.php(928): App\Controllers\Movie->new()
#10 /var/www/html/curso-udemy-ci4/vendor/codeigniter4/framework/system/CodeIgniter.php(436): CodeIgniter\CodeIgniter->runController(Object(App\Controllers\Movie))
#11 /var/www/html/curso-udemy-ci4/vendor/codeigniter4/framework/system/CodeIgniter.php(336): CodeIgniter\CodeIgniter->handleRequest(NULL, Object(Config\Cache), false)
#12 /var/www/html/curso-udemy-ci4/index.php(37): CodeIgniter\CodeIgniter->run()
#13 {main}
CRITICAL - 2021-06-27 05:09:12 --> Undefined variable $categories
#0 /var/www/html/curso-udemy-ci4/app/Views/dashboard/movie/_form.php(16): CodeIgniter\Debug\Exceptions->errorHandler(2, 'Undefined varia...', '/var/www/html/c...', 16)
#1 /var/www/html/curso-udemy-ci4/vendor/codeigniter4/framework/system/View/View.php(230): include('/var/www/html/c...')
#2 /var/www/html/curso-udemy-ci4/vendor/codeigniter4/framework/system/View/View.php(232): CodeIgniter\View\View->CodeIgniter\View\{closure}()
#3 /var/www/html/curso-udemy-ci4/vendor/codeigniter4/framework/system/Common.php(1271): CodeIgniter\View\View->render('dashboard/movie...', Array, true)
#4 /var/www/html/curso-udemy-ci4/app/Views/dashboard/movie/edit.php(6): view('dashboard/movie...', Array)
#5 /var/www/html/curso-udemy-ci4/vendor/codeigniter4/framework/system/View/View.php(230): include('/var/www/html/c...')
#6 /var/www/html/curso-udemy-ci4/vendor/codeigniter4/framework/system/View/View.php(232): CodeIgniter\View\View->CodeIgniter\View\{closure}()
#7 /var/www/html/curso-udemy-ci4/vendor/codeigniter4/framework/system/Common.php(1271): CodeIgniter\View\View->render('dashboard/movie...', Array, true)
#8 /var/www/html/curso-udemy-ci4/app/Controllers/Movie.php(150): view('dashboard/movie...', Array)
#9 /var/www/html/curso-udemy-ci4/app/Controllers/Movie.php(92): App\Controllers\Movie->_loadDefaultView('Crear pelicula', Array, 'edit')
#10 /var/www/html/curso-udemy-ci4/vendor/codeigniter4/framework/system/CodeIgniter.php(928): App\Controllers\Movie->edit('27')
#11 /var/www/html/curso-udemy-ci4/vendor/codeigniter4/framework/system/CodeIgniter.php(436): CodeIgniter\CodeIgniter->runController(Object(App\Controllers\Movie))
#12 /var/www/html/curso-udemy-ci4/vendor/codeigniter4/framework/system/CodeIgniter.php(336): CodeIgniter\CodeIgniter->handleRequest(NULL, Object(Config\Cache), false)
#13 /var/www/html/curso-udemy-ci4/index.php(37): CodeIgniter\CodeIgniter->run()
#14 {main}
CRITICAL - 2021-06-27 05:10:54 --> Undefined variable $categories
#0 /var/www/html/curso-udemy-ci4/app/Views/dashboard/movie/_form.php(16): CodeIgniter\Debug\Exceptions->errorHandler(2, 'Undefined varia...', '/var/www/html/c...', 16)
#1 /var/www/html/curso-udemy-ci4/vendor/codeigniter4/framework/system/View/View.php(230): include('/var/www/html/c...')
#2 /var/www/html/curso-udemy-ci4/vendor/codeigniter4/framework/system/View/View.php(232): CodeIgniter\View\View->CodeIgniter\View\{closure}()
#3 /var/www/html/curso-udemy-ci4/vendor/codeigniter4/framework/system/Common.php(1271): CodeIgniter\View\View->render('dashboard/movie...', Array, true)
#4 /var/www/html/curso-udemy-ci4/app/Views/dashboard/movie/edit.php(6): view('dashboard/movie...', Array)
#5 /var/www/html/curso-udemy-ci4/vendor/codeigniter4/framework/system/View/View.php(230): include('/var/www/html/c...')
#6 /var/www/html/curso-udemy-ci4/vendor/codeigniter4/framework/system/View/View.php(232): CodeIgniter\View\View->CodeIgniter\View\{closure}()
#7 /var/www/html/curso-udemy-ci4/vendor/codeigniter4/framework/system/Common.php(1271): CodeIgniter\View\View->render('dashboard/movie...', Array, true)
#8 /var/www/html/curso-udemy-ci4/app/Controllers/Movie.php(150): view('dashboard/movie...', Array)
#9 /var/www/html/curso-udemy-ci4/app/Controllers/Movie.php(92): App\Controllers\Movie->_loadDefaultView('Crear pelicula', Array, 'edit')
#10 /var/www/html/curso-udemy-ci4/vendor/codeigniter4/framework/system/CodeIgniter.php(928): App\Controllers\Movie->edit('27')
#11 /var/www/html/curso-udemy-ci4/vendor/codeigniter4/framework/system/CodeIgniter.php(436): CodeIgniter\CodeIgniter->runController(Object(App\Controllers\Movie))
#12 /var/www/html/curso-udemy-ci4/vendor/codeigniter4/framework/system/CodeIgniter.php(336): CodeIgniter\CodeIgniter->handleRequest(NULL, Object(Config\Cache), false)
#13 /var/www/html/curso-udemy-ci4/index.php(37): CodeIgniter\CodeIgniter->run()
#14 {main}
CRITICAL - 2021-06-27 05:23:36 --> Undefined variable $categoriess
#0 /var/www/html/curso-udemy-ci4/app/Views/dashboard/movie/_form.php(14): CodeIgniter\Debug\Exceptions->errorHandler(2, 'Undefined varia...', '/var/www/html/c...', 14)
#1 /var/www/html/curso-udemy-ci4/vendor/codeigniter4/framework/system/View/View.php(230): include('/var/www/html/c...')
#2 /var/www/html/curso-udemy-ci4/vendor/codeigniter4/framework/system/View/View.php(232): CodeIgniter\View\View->CodeIgniter\View\{closure}()
#3 /var/www/html/curso-udemy-ci4/vendor/codeigniter4/framework/system/Common.php(1271): CodeIgniter\View\View->render('dashboard/movie...', Array, true)
#4 /var/www/html/curso-udemy-ci4/app/Views/dashboard/movie/edit.php(6): view('dashboard/movie...', Array)
#5 /var/www/html/curso-udemy-ci4/vendor/codeigniter4/framework/system/View/View.php(230): include('/var/www/html/c...')
#6 /var/www/html/curso-udemy-ci4/vendor/codeigniter4/framework/system/View/View.php(232): CodeIgniter\View\View->CodeIgniter\View\{closure}()
#7 /var/www/html/curso-udemy-ci4/vendor/codeigniter4/framework/system/Common.php(1271): CodeIgniter\View\View->render('dashboard/movie...', Array, true)
#8 /var/www/html/curso-udemy-ci4/app/Controllers/Movie.php(149): view('dashboard/movie...', Array)
#9 /var/www/html/curso-udemy-ci4/app/Controllers/Movie.php(94): App\Controllers\Movie->_loadDefaultView('Crear pelicula', Array, 'edit')
#10 /var/www/html/curso-udemy-ci4/vendor/codeigniter4/framework/system/CodeIgniter.php(928): App\Controllers\Movie->edit('28')
#11 /var/www/html/curso-udemy-ci4/vendor/codeigniter4/framework/system/CodeIgniter.php(436): CodeIgniter\CodeIgniter->runController(Object(App\Controllers\Movie))
#12 /var/www/html/curso-udemy-ci4/vendor/codeigniter4/framework/system/CodeIgniter.php(336): CodeIgniter\CodeIgniter->handleRequest(NULL, Object(Config\Cache), false)
#13 /var/www/html/curso-udemy-ci4/index.php(37): CodeIgniter\CodeIgniter->run()
#14 {main}
