CRITICAL - 2021-06-26 09:33:43 --> Undefined variable $imagefile
#0 /var/www/html/curso-udemy-ci4/app/Controllers/Movie.php(105): CodeIgniter\Debug\Exceptions->errorHandler(2, 'Undefined varia...', '/var/www/html/c...', 105)
#1 /var/www/html/curso-udemy-ci4/app/Controllers/Movie.php(63): App\Controllers\Movie->_upload('6')
#2 /var/www/html/curso-udemy-ci4/vendor/codeigniter4/framework/system/CodeIgniter.php(928): App\Controllers\Movie->update('6')
#3 /var/www/html/curso-udemy-ci4/vendor/codeigniter4/framework/system/CodeIgniter.php(436): CodeIgniter\CodeIgniter->runController(Object(App\Controllers\Movie))
#4 /var/www/html/curso-udemy-ci4/vendor/codeigniter4/framework/system/CodeIgniter.php(336): CodeIgniter\CodeIgniter->handleRequest(NULL, Object(Config\Cache), false)
#5 /var/www/html/curso-udemy-ci4/index.php(37): CodeIgniter\CodeIgniter->run()
#6 {main}
CRITICAL - 2021-06-26 09:55:37 --> Undefined constant "App\Controllers\WRITEPARH"
#0 /var/www/html/curso-udemy-ci4/vendor/codeigniter4/framework/system/CodeIgniter.php(928): App\Controllers\Movie->new()
#1 /var/www/html/curso-udemy-ci4/vendor/codeigniter4/framework/system/CodeIgniter.php(436): CodeIgniter\CodeIgniter->runController(Object(App\Controllers\Movie))
#2 /var/www/html/curso-udemy-ci4/vendor/codeigniter4/framework/system/CodeIgniter.php(336): CodeIgniter\CodeIgniter->handleRequest(NULL, Object(Config\Cache), false)
#3 /var/www/html/curso-udemy-ci4/index.php(37): CodeIgniter\CodeIgniter->run()
#4 {main}
CRITICAL - 2021-06-26 09:55:56 --> Undefined constant "App\Controllers\WRITEPART"
#0 /var/www/html/curso-udemy-ci4/vendor/codeigniter4/framework/system/CodeIgniter.php(928): App\Controllers\Movie->new()
#1 /var/www/html/curso-udemy-ci4/vendor/codeigniter4/framework/system/CodeIgniter.php(436): CodeIgniter\CodeIgniter->runController(Object(App\Controllers\Movie))
#2 /var/www/html/curso-udemy-ci4/vendor/codeigniter4/framework/system/CodeIgniter.php(336): CodeIgniter\CodeIgniter->handleRequest(NULL, Object(Config\Cache), false)
#3 /var/www/html/curso-udemy-ci4/index.php(37): CodeIgniter\CodeIgniter->run()
#4 {main}
CRITICAL - 2021-06-26 10:26:46 --> Attempt to read property "id" on null
#0 /var/www/html/curso-udemy-ci4/app/Views/dashboard/movie/edit.php(3): CodeIgniter\Debug\Exceptions->errorHandler(2, 'Attempt to read...', '/var/www/html/c...', 3)
#1 /var/www/html/curso-udemy-ci4/vendor/codeigniter4/framework/system/View/View.php(230): include('/var/www/html/c...')
#2 /var/www/html/curso-udemy-ci4/vendor/codeigniter4/framework/system/View/View.php(232): CodeIgniter\View\View->CodeIgniter\View\{closure}()
#3 /var/www/html/curso-udemy-ci4/vendor/codeigniter4/framework/system/Common.php(1271): CodeIgniter\View\View->render('dashboard/movie...', Array, true)
#4 /var/www/html/curso-udemy-ci4/app/Controllers/Movie.php(136): view('dashboard/movie...', Array)
#5 /var/www/html/curso-udemy-ci4/app/Controllers/Movie.php(79): App\Controllers\Movie->_loadDefaultView('Crear pelicula', Array, 'edit')
#6 /var/www/html/curso-udemy-ci4/vendor/codeigniter4/framework/system/CodeIgniter.php(928): App\Controllers\Movie->edit('55')
#7 /var/www/html/curso-udemy-ci4/vendor/codeigniter4/framework/system/CodeIgniter.php(436): CodeIgniter\CodeIgniter->runController(Object(App\Controllers\Movie))
#8 /var/www/html/curso-udemy-ci4/vendor/codeigniter4/framework/system/CodeIgniter.php(336): CodeIgniter\CodeIgniter->handleRequest(NULL, Object(Config\Cache), false)
#9 /var/www/html/curso-udemy-ci4/index.php(37): CodeIgniter\CodeIgniter->run()
#10 {main}
CRITICAL - 2021-06-26 10:26:59 --> Undefined variable $movie
#0 /var/www/html/curso-udemy-ci4/app/Controllers/Movie.php(27): CodeIgniter\Debug\Exceptions->errorHandler(2, 'Undefined varia...', '/var/www/html/c...', 27)
#1 /var/www/html/curso-udemy-ci4/vendor/codeigniter4/framework/system/CodeIgniter.php(928): App\Controllers\Movie->show('6')
#2 /var/www/html/curso-udemy-ci4/vendor/codeigniter4/framework/system/CodeIgniter.php(436): CodeIgniter\CodeIgniter->runController(Object(App\Controllers\Movie))
#3 /var/www/html/curso-udemy-ci4/vendor/codeigniter4/framework/system/CodeIgniter.php(336): CodeIgniter\CodeIgniter->handleRequest(NULL, Object(Config\Cache), false)
#4 /var/www/html/curso-udemy-ci4/index.php(37): CodeIgniter\CodeIgniter->run()
#5 {main}
CRITICAL - 2021-06-26 14:40:14 --> Undefined variable $categories
#0 /var/www/html/curso-udemy-ci4/app/Views/dashboard/movie/_form.php(13): CodeIgniter\Debug\Exceptions->errorHandler(2, 'Undefined varia...', '/var/www/html/c...', 13)
#1 /var/www/html/curso-udemy-ci4/vendor/codeigniter4/framework/system/View/View.php(230): include('/var/www/html/c...')
#2 /var/www/html/curso-udemy-ci4/vendor/codeigniter4/framework/system/View/View.php(232): CodeIgniter\View\View->CodeIgniter\View\{closure}()
#3 /var/www/html/curso-udemy-ci4/vendor/codeigniter4/framework/system/Common.php(1271): CodeIgniter\View\View->render('dashboard/movie...', Array, true)
#4 /var/www/html/curso-udemy-ci4/app/Views/dashboard/movie/edit.php(6): view('dashboard/movie...', Array)
#5 /var/www/html/curso-udemy-ci4/vendor/codeigniter4/framework/system/View/View.php(230): include('/var/www/html/c...')
#6 /var/www/html/curso-udemy-ci4/vendor/codeigniter4/framework/system/View/View.php(232): CodeIgniter\View\View->CodeIgniter\View\{closure}()
#7 /var/www/html/curso-udemy-ci4/vendor/codeigniter4/framework/system/Common.php(1271): CodeIgniter\View\View->render('dashboard/movie...', Array, true)
#8 /var/www/html/curso-udemy-ci4/app/Controllers/Movie.php(147): view('dashboard/movie...', Array)
#9 /var/www/html/curso-udemy-ci4/app/Controllers/Movie.php(90): App\Controllers\Movie->_loadDefaultView('Crear pelicula', Array, 'edit')
#10 /var/www/html/curso-udemy-ci4/vendor/codeigniter4/framework/system/CodeIgniter.php(928): App\Controllers\Movie->edit('6')
#11 /var/www/html/curso-udemy-ci4/vendor/codeigniter4/framework/system/CodeIgniter.php(436): CodeIgniter\CodeIgniter->runController(Object(App\Controllers\Movie))
#12 /var/www/html/curso-udemy-ci4/vendor/codeigniter4/framework/system/CodeIgniter.php(336): CodeIgniter\CodeIgniter->handleRequest(NULL, Object(Config\Cache), false)
#13 /var/www/html/curso-udemy-ci4/index.php(37): CodeIgniter\CodeIgniter->run()
#14 {main}
CRITICAL - 2021-06-26 14:40:16 --> Undefined variable $categories
#0 /var/www/html/curso-udemy-ci4/app/Views/dashboard/movie/_form.php(13): CodeIgniter\Debug\Exceptions->errorHandler(2, 'Undefined varia...', '/var/www/html/c...', 13)
#1 /var/www/html/curso-udemy-ci4/vendor/codeigniter4/framework/system/View/View.php(230): include('/var/www/html/c...')
#2 /var/www/html/curso-udemy-ci4/vendor/codeigniter4/framework/system/View/View.php(232): CodeIgniter\View\View->CodeIgniter\View\{closure}()
#3 /var/www/html/curso-udemy-ci4/vendor/codeigniter4/framework/system/Common.php(1271): CodeIgniter\View\View->render('dashboard/movie...', Array, true)
#4 /var/www/html/curso-udemy-ci4/app/Views/dashboard/movie/edit.php(6): view('dashboard/movie...', Array)
#5 /var/www/html/curso-udemy-ci4/vendor/codeigniter4/framework/system/View/View.php(230): include('/var/www/html/c...')
#6 /var/www/html/curso-udemy-ci4/vendor/codeigniter4/framework/system/View/View.php(232): CodeIgniter\View\View->CodeIgniter\View\{closure}()
#7 /var/www/html/curso-udemy-ci4/vendor/codeigniter4/framework/system/Common.php(1271): CodeIgniter\View\View->render('dashboard/movie...', Array, true)
#8 /var/www/html/curso-udemy-ci4/app/Controllers/Movie.php(147): view('dashboard/movie...', Array)
#9 /var/www/html/curso-udemy-ci4/app/Controllers/Movie.php(90): App\Controllers\Movie->_loadDefaultView('Crear pelicula', Array, 'edit')
#10 /var/www/html/curso-udemy-ci4/vendor/codeigniter4/framework/system/CodeIgniter.php(928): App\Controllers\Movie->edit('6')
#11 /var/www/html/curso-udemy-ci4/vendor/codeigniter4/framework/system/CodeIgniter.php(436): CodeIgniter\CodeIgniter->runController(Object(App\Controllers\Movie))
#12 /var/www/html/curso-udemy-ci4/vendor/codeigniter4/framework/system/CodeIgniter.php(336): CodeIgniter\CodeIgniter->handleRequest(NULL, Object(Config\Cache), false)
#13 /var/www/html/curso-udemy-ci4/index.php(37): CodeIgniter\CodeIgniter->run()
#14 {main}
CRITICAL - 2021-06-26 14:40:21 --> Call to undefined function App\Controllers\CategoryModel()
#0 /var/www/html/curso-udemy-ci4/vendor/codeigniter4/framework/system/CodeIgniter.php(928): App\Controllers\Movie->new()
#1 /var/www/html/curso-udemy-ci4/vendor/codeigniter4/framework/system/CodeIgniter.php(436): CodeIgniter\CodeIgniter->runController(Object(App\Controllers\Movie))
#2 /var/www/html/curso-udemy-ci4/vendor/codeigniter4/framework/system/CodeIgniter.php(336): CodeIgniter\CodeIgniter->handleRequest(NULL, Object(Config\Cache), false)
#3 /var/www/html/curso-udemy-ci4/index.php(37): CodeIgniter\CodeIgniter->run()
#4 {main}
CRITICAL - 2021-06-26 15:21:44 --> Undefined variable $categories
#0 /var/www/html/curso-udemy-ci4/app/Views/dashboard/movie/_form.php(14): CodeIgniter\Debug\Exceptions->errorHandler(2, 'Undefined varia...', '/var/www/html/c...', 14)
#1 /var/www/html/curso-udemy-ci4/vendor/codeigniter4/framework/system/View/View.php(230): include('/var/www/html/c...')
#2 /var/www/html/curso-udemy-ci4/vendor/codeigniter4/framework/system/View/View.php(232): CodeIgniter\View\View->CodeIgniter\View\{closure}()
#3 /var/www/html/curso-udemy-ci4/vendor/codeigniter4/framework/system/Common.php(1271): CodeIgniter\View\View->render('dashboard/movie...', Array, true)
#4 /var/www/html/curso-udemy-ci4/app/Views/dashboard/movie/edit.php(6): view('dashboard/movie...', Array)
#5 /var/www/html/curso-udemy-ci4/vendor/codeigniter4/framework/system/View/View.php(230): include('/var/www/html/c...')
#6 /var/www/html/curso-udemy-ci4/vendor/codeigniter4/framework/system/View/View.php(232): CodeIgniter\View\View->CodeIgniter\View\{closure}()
#7 /var/www/html/curso-udemy-ci4/vendor/codeigniter4/framework/system/Common.php(1271): CodeIgniter\View\View->render('dashboard/movie...', Array, true)
#8 /var/www/html/curso-udemy-ci4/app/Controllers/Movie.php(148): view('dashboard/movie...', Array)
#9 /var/www/html/curso-udemy-ci4/app/Controllers/Movie.php(90): App\Controllers\Movie->_loadDefaultView('Crear pelicula', Array, 'edit')
#10 /var/www/html/curso-udemy-ci4/vendor/codeigniter4/framework/system/CodeIgniter.php(928): App\Controllers\Movie->edit('24')
#11 /var/www/html/curso-udemy-ci4/vendor/codeigniter4/framework/system/CodeIgniter.php(436): CodeIgniter\CodeIgniter->runController(Object(App\Controllers\Movie))
#12 /var/www/html/curso-udemy-ci4/vendor/codeigniter4/framework/system/CodeIgniter.php(336): CodeIgniter\CodeIgniter->handleRequest(NULL, Object(Config\Cache), false)
#13 /var/www/html/curso-udemy-ci4/index.php(37): CodeIgniter\CodeIgniter->run()
#14 {main}
CRITICAL - 2021-06-26 15:23:10 --> Undefined variable $categories
#0 /var/www/html/curso-udemy-ci4/app/Views/dashboard/movie/_form.php(14): CodeIgniter\Debug\Exceptions->errorHandler(2, 'Undefined varia...', '/var/www/html/c...', 14)
#1 /var/www/html/curso-udemy-ci4/vendor/codeigniter4/framework/system/View/View.php(230): include('/var/www/html/c...')
#2 /var/www/html/curso-udemy-ci4/vendor/codeigniter4/framework/system/View/View.php(232): CodeIgniter\View\View->CodeIgniter\View\{closure}()
#3 /var/www/html/curso-udemy-ci4/vendor/codeigniter4/framework/system/Common.php(1271): CodeIgniter\View\View->render('dashboard/movie...', Array, true)
#4 /var/www/html/curso-udemy-ci4/app/Views/dashboard/movie/edit.php(6): view('dashboard/movie...', Array)
#5 /var/www/html/curso-udemy-ci4/vendor/codeigniter4/framework/system/View/View.php(230): include('/var/www/html/c...')
#6 /var/www/html/curso-udemy-ci4/vendor/codeigniter4/framework/system/View/View.php(232): CodeIgniter\View\View->CodeIgniter\View\{closure}()
#7 /var/www/html/curso-udemy-ci4/vendor/codeigniter4/framework/system/Common.php(1271): CodeIgniter\View\View->render('dashboard/movie...', Array, true)
#8 /var/www/html/curso-udemy-ci4/app/Controllers/Movie.php(148): view('dashboard/movie...', Array)
#9 /var/www/html/curso-udemy-ci4/app/Controllers/Movie.php(90): App\Controllers\Movie->_loadDefaultView('Crear pelicula', Array, 'edit')
#10 /var/www/html/curso-udemy-ci4/vendor/codeigniter4/framework/system/CodeIgniter.php(928): App\Controllers\Movie->edit('25')
#11 /var/www/html/curso-udemy-ci4/vendor/codeigniter4/framework/system/CodeIgniter.php(436): CodeIgniter\CodeIgniter->runController(Object(App\Controllers\Movie))
#12 /var/www/html/curso-udemy-ci4/vendor/codeigniter4/framework/system/CodeIgniter.php(336): CodeIgniter\CodeIgniter->handleRequest(NULL, Object(Config\Cache), false)
#13 /var/www/html/curso-udemy-ci4/index.php(37): CodeIgniter\CodeIgniter->run()
#14 {main}
CRITICAL - 2021-06-26 15:27:25 --> Undefined variable $categories
#0 /var/www/html/curso-udemy-ci4/app/Views/dashboard/movie/_form.php(14): CodeIgniter\Debug\Exceptions->errorHandler(2, 'Undefined varia...', '/var/www/html/c...', 14)
#1 /var/www/html/curso-udemy-ci4/vendor/codeigniter4/framework/system/View/View.php(230): include('/var/www/html/c...')
#2 /var/www/html/curso-udemy-ci4/vendor/codeigniter4/framework/system/View/View.php(232): CodeIgniter\View\View->CodeIgniter\View\{closure}()
#3 /var/www/html/curso-udemy-ci4/vendor/codeigniter4/framework/system/Common.php(1271): CodeIgniter\View\View->render('dashboard/movie...', Array, true)
#4 /var/www/html/curso-udemy-ci4/app/Views/dashboard/movie/edit.php(6): view('dashboard/movie...', Array)
#5 /var/www/html/curso-udemy-ci4/vendor/codeigniter4/framework/system/View/View.php(230): include('/var/www/html/c...')
#6 /var/www/html/curso-udemy-ci4/vendor/codeigniter4/framework/system/View/View.php(232): CodeIgniter\View\View->CodeIgniter\View\{closure}()
#7 /var/www/html/curso-udemy-ci4/vendor/codeigniter4/framework/system/Common.php(1271): CodeIgniter\View\View->render('dashboard/movie...', Array, true)
#8 /var/www/html/curso-udemy-ci4/app/Controllers/Movie.php(148): view('dashboard/movie...', Array)
#9 /var/www/html/curso-udemy-ci4/app/Controllers/Movie.php(90): App\Controllers\Movie->_loadDefaultView('Crear pelicula', Array, 'edit')
#10 /var/www/html/curso-udemy-ci4/vendor/codeigniter4/framework/system/CodeIgniter.php(928): App\Controllers\Movie->edit('25')
#11 /var/www/html/curso-udemy-ci4/vendor/codeigniter4/framework/system/CodeIgniter.php(436): CodeIgniter\CodeIgniter->runController(Object(App\Controllers\Movie))
#12 /var/www/html/curso-udemy-ci4/vendor/codeigniter4/framework/system/CodeIgniter.php(336): CodeIgniter\CodeIgniter->handleRequest(NULL, Object(Config\Cache), false)
#13 /var/www/html/curso-udemy-ci4/index.php(37): CodeIgniter\CodeIgniter->run()
#14 {main}
CRITICAL - 2021-06-26 15:27:52 --> Undefined variable $categories
#0 /var/www/html/curso-udemy-ci4/app/Views/dashboard/movie/_form.php(14): CodeIgniter\Debug\Exceptions->errorHandler(2, 'Undefined varia...', '/var/www/html/c...', 14)
#1 /var/www/html/curso-udemy-ci4/vendor/codeigniter4/framework/system/View/View.php(230): include('/var/www/html/c...')
#2 /var/www/html/curso-udemy-ci4/vendor/codeigniter4/framework/system/View/View.php(232): CodeIgniter\View\View->CodeIgniter\View\{closure}()
#3 /var/www/html/curso-udemy-ci4/vendor/codeigniter4/framework/system/Common.php(1271): CodeIgniter\View\View->render('dashboard/movie...', Array, true)
#4 /var/www/html/curso-udemy-ci4/app/Views/dashboard/movie/edit.php(6): view('dashboard/movie...', Array)
#5 /var/www/html/curso-udemy-ci4/vendor/codeigniter4/framework/system/View/View.php(230): include('/var/www/html/c...')
#6 /var/www/html/curso-udemy-ci4/vendor/codeigniter4/framework/system/View/View.php(232): CodeIgniter\View\View->CodeIgniter\View\{closure}()
#7 /var/www/html/curso-udemy-ci4/vendor/codeigniter4/framework/system/Common.php(1271): CodeIgniter\View\View->render('dashboard/movie...', Array, true)
#8 /var/www/html/curso-udemy-ci4/app/Controllers/Movie.php(148): view('dashboard/movie...', Array)
#9 /var/www/html/curso-udemy-ci4/app/Controllers/Movie.php(90): App\Controllers\Movie->_loadDefaultView('Crear pelicula', Array, 'edit')
#10 /var/www/html/curso-udemy-ci4/vendor/codeigniter4/framework/system/CodeIgniter.php(928): App\Controllers\Movie->edit('26')
#11 /var/www/html/curso-udemy-ci4/vendor/codeigniter4/framework/system/CodeIgniter.php(436): CodeIgniter\CodeIgniter->runController(Object(App\Controllers\Movie))
#12 /var/www/html/curso-udemy-ci4/vendor/codeigniter4/framework/system/CodeIgniter.php(336): CodeIgniter\CodeIgniter->handleRequest(NULL, Object(Config\Cache), false)
#13 /var/www/html/curso-udemy-ci4/index.php(37): CodeIgniter\CodeIgniter->run()
#14 {main}
