CRITICAL - 2021-07-04 05:33:05 --> Call to undefined function App\Controllers\getByMovieId()
#0 /var/www/html/curso-udemy-ci4/vendor/codeigniter4/framework/system/CodeIgniter.php(928): App\Controllers\Movie->edit('6')
#1 /var/www/html/curso-udemy-ci4/vendor/codeigniter4/framework/system/CodeIgniter.php(436): CodeIgniter\CodeIgniter->runController(Object(App\Controllers\Movie))
#2 /var/www/html/curso-udemy-ci4/vendor/codeigniter4/framework/system/CodeIgniter.php(336): CodeIgniter\CodeIgniter->handleRequest(NULL, Object(Config\Cache), false)
#3 /var/www/html/curso-udemy-ci4/index.php(37): CodeIgniter\CodeIgniter->run()
#4 {main}
CRITICAL - 2021-07-04 05:33:13 --> Call to undefined function App\Controllers\getByMovieId()
#0 /var/www/html/curso-udemy-ci4/vendor/codeigniter4/framework/system/CodeIgniter.php(928): App\Controllers\Movie->edit('6')
#1 /var/www/html/curso-udemy-ci4/vendor/codeigniter4/framework/system/CodeIgniter.php(436): CodeIgniter\CodeIgniter->runController(Object(App\Controllers\Movie))
#2 /var/www/html/curso-udemy-ci4/vendor/codeigniter4/framework/system/CodeIgniter.php(336): CodeIgniter\CodeIgniter->handleRequest(NULL, Object(Config\Cache), false)
#3 /var/www/html/curso-udemy-ci4/index.php(37): CodeIgniter\CodeIgniter->run()
#4 {main}
CRITICAL - 2021-07-04 05:34:47 --> Call to undefined function App\Controllers\getByMovieId()
#0 /var/www/html/curso-udemy-ci4/vendor/codeigniter4/framework/system/CodeIgniter.php(928): App\Controllers\Movie->edit('6')
#1 /var/www/html/curso-udemy-ci4/vendor/codeigniter4/framework/system/CodeIgniter.php(436): CodeIgniter\CodeIgniter->runController(Object(App\Controllers\Movie))
#2 /var/www/html/curso-udemy-ci4/vendor/codeigniter4/framework/system/CodeIgniter.php(336): CodeIgniter\CodeIgniter->handleRequest(NULL, Object(Config\Cache), false)
#3 /var/www/html/curso-udemy-ci4/index.php(37): CodeIgniter\CodeIgniter->run()
#4 {main}
CRITICAL - 2021-07-04 05:35:41 --> Call to undefined method stdClass::find()
#0 /var/www/html/curso-udemy-ci4/vendor/codeigniter4/framework/system/CodeIgniter.php(928): App\Controllers\Movie->edit('6')
#1 /var/www/html/curso-udemy-ci4/vendor/codeigniter4/framework/system/CodeIgniter.php(436): CodeIgniter\CodeIgniter->runController(Object(App\Controllers\Movie))
#2 /var/www/html/curso-udemy-ci4/vendor/codeigniter4/framework/system/CodeIgniter.php(336): CodeIgniter\CodeIgniter->handleRequest(NULL, Object(Config\Cache), false)
#3 /var/www/html/curso-udemy-ci4/index.php(37): CodeIgniter\CodeIgniter->run()
#4 {main}
CRITICAL - 2021-07-04 05:36:03 --> syntax error, unexpected token ";"
#0 /var/www/html/curso-udemy-ci4/vendor/codeigniter4/framework/system/View/View.php(232): CodeIgniter\View\View->CodeIgniter\View\{closure}()
#1 /var/www/html/curso-udemy-ci4/vendor/codeigniter4/framework/system/Common.php(1271): CodeIgniter\View\View->render('dashboard/movie...', Array, true)
#2 /var/www/html/curso-udemy-ci4/app/Views/dashboard/movie/edit.php(9): view('dashboard/movie...')
#3 /var/www/html/curso-udemy-ci4/vendor/codeigniter4/framework/system/View/View.php(230): include('/var/www/html/c...')
#4 /var/www/html/curso-udemy-ci4/vendor/codeigniter4/framework/system/View/View.php(232): CodeIgniter\View\View->CodeIgniter\View\{closure}()
#5 /var/www/html/curso-udemy-ci4/vendor/codeigniter4/framework/system/Common.php(1271): CodeIgniter\View\View->render('dashboard/movie...', Array, true)
#6 /var/www/html/curso-udemy-ci4/app/Controllers/Movie.php(152): view('dashboard/movie...', Array)
#7 /var/www/html/curso-udemy-ci4/app/Controllers/Movie.php(100): App\Controllers\Movie->_loadDefaultView('Crear pelicula', Array, 'edit')
#8 /var/www/html/curso-udemy-ci4/vendor/codeigniter4/framework/system/CodeIgniter.php(928): App\Controllers\Movie->edit('6')
#9 /var/www/html/curso-udemy-ci4/vendor/codeigniter4/framework/system/CodeIgniter.php(436): CodeIgniter\CodeIgniter->runController(Object(App\Controllers\Movie))
#10 /var/www/html/curso-udemy-ci4/vendor/codeigniter4/framework/system/CodeIgniter.php(336): CodeIgniter\CodeIgniter->handleRequest(NULL, Object(Config\Cache), false)
#11 /var/www/html/curso-udemy-ci4/index.php(37): CodeIgniter\CodeIgniter->run()
#12 {main}
CRITICAL - 2021-07-04 05:44:42 --> foreach() argument must be of type array|object, null given
#0 /var/www/html/curso-udemy-ci4/app/Views/dashboard/movie/_images.php(1): CodeIgniter\Debug\Exceptions->errorHandler(2, 'foreach() argum...', '/var/www/html/c...', 1)
#1 /var/www/html/curso-udemy-ci4/vendor/codeigniter4/framework/system/View/View.php(230): include('/var/www/html/c...')
#2 /var/www/html/curso-udemy-ci4/vendor/codeigniter4/framework/system/View/View.php(232): CodeIgniter\View\View->CodeIgniter\View\{closure}()
#3 /var/www/html/curso-udemy-ci4/vendor/codeigniter4/framework/system/Common.php(1271): CodeIgniter\View\View->render('dashboard/movie...', Array, true)
#4 /var/www/html/curso-udemy-ci4/app/Views/dashboard/movie/edit.php(9): view('dashboard/movie...')
#5 /var/www/html/curso-udemy-ci4/vendor/codeigniter4/framework/system/View/View.php(230): include('/var/www/html/c...')
#6 /var/www/html/curso-udemy-ci4/vendor/codeigniter4/framework/system/View/View.php(232): CodeIgniter\View\View->CodeIgniter\View\{closure}()
#7 /var/www/html/curso-udemy-ci4/vendor/codeigniter4/framework/system/Common.php(1271): CodeIgniter\View\View->render('dashboard/movie...', Array, true)
#8 /var/www/html/curso-udemy-ci4/app/Controllers/Movie.php(152): view('dashboard/movie...', Array)
#9 /var/www/html/curso-udemy-ci4/app/Controllers/Movie.php(100): App\Controllers\Movie->_loadDefaultView('Crear pelicula', Array, 'edit')
#10 /var/www/html/curso-udemy-ci4/vendor/codeigniter4/framework/system/CodeIgniter.php(928): App\Controllers\Movie->edit('6')
#11 /var/www/html/curso-udemy-ci4/vendor/codeigniter4/framework/system/CodeIgniter.php(436): CodeIgniter\CodeIgniter->runController(Object(App\Controllers\Movie))
#12 /var/www/html/curso-udemy-ci4/vendor/codeigniter4/framework/system/CodeIgniter.php(336): CodeIgniter\CodeIgniter->handleRequest(NULL, Object(Config\Cache), false)
#13 /var/www/html/curso-udemy-ci4/index.php(37): CodeIgniter\CodeIgniter->run()
#14 {main}
CRITICAL - 2021-07-04 05:46:00 --> fopen(/var/www/html/curso-udemy-ci4/writable/uploads/movies/6/1624719544_7b3842cdf5fd3d2f9e50.jpg): Failed to open stream: No such file or directory
#0 [internal function]: CodeIgniter\Debug\Exceptions->errorHandler(2, 'fopen(/var/www/...', '/var/www/html/c...', 24)
#1 /var/www/html/curso-udemy-ci4/app/Controllers/Home.php(24): fopen('/var/www/html/c...', 'rb')
#2 /var/www/html/curso-udemy-ci4/vendor/codeigniter4/framework/system/CodeIgniter.php(928): App\Controllers\Home->image()
#3 /var/www/html/curso-udemy-ci4/vendor/codeigniter4/framework/system/CodeIgniter.php(436): CodeIgniter\CodeIgniter->runController(Object(App\Controllers\Home))
#4 /var/www/html/curso-udemy-ci4/vendor/codeigniter4/framework/system/CodeIgniter.php(336): CodeIgniter\CodeIgniter->handleRequest(NULL, Object(Config\Cache), false)
#5 /var/www/html/curso-udemy-ci4/index.php(37): CodeIgniter\CodeIgniter->run()
#6 {main}
CRITICAL - 2021-07-04 05:48:08 --> fopen(/var/www/html/curso-udemy-ci4/writable/uploads/movies6/1624719544_7b3842cdf5fd3d2f9e50.jpg): Failed to open stream: No such file or directory
#0 [internal function]: CodeIgniter\Debug\Exceptions->errorHandler(2, 'fopen(/var/www/...', '/var/www/html/c...', 25)
#1 /var/www/html/curso-udemy-ci4/app/Controllers/Home.php(25): fopen('/var/www/html/c...', 'rb')
#2 /var/www/html/curso-udemy-ci4/vendor/codeigniter4/framework/system/CodeIgniter.php(928): App\Controllers\Home->image()
#3 /var/www/html/curso-udemy-ci4/vendor/codeigniter4/framework/system/CodeIgniter.php(436): CodeIgniter\CodeIgniter->runController(Object(App\Controllers\Home))
#4 /var/www/html/curso-udemy-ci4/vendor/codeigniter4/framework/system/CodeIgniter.php(336): CodeIgniter\CodeIgniter->handleRequest(NULL, Object(Config\Cache), false)
#5 /var/www/html/curso-udemy-ci4/index.php(37): CodeIgniter\CodeIgniter->run()
#6 {main}
CRITICAL - 2021-07-04 06:15:35 --> foreach() argument must be of type array|object, null given
#0 /var/www/html/curso-udemy-ci4/app/Views/dashboard/movie/_images.php(1): CodeIgniter\Debug\Exceptions->errorHandler(2, 'foreach() argum...', '/var/www/html/c...', 1)
#1 /var/www/html/curso-udemy-ci4/vendor/codeigniter4/framework/system/View/View.php(230): include('/var/www/html/c...')
#2 /var/www/html/curso-udemy-ci4/vendor/codeigniter4/framework/system/View/View.php(232): CodeIgniter\View\View->CodeIgniter\View\{closure}()
#3 /var/www/html/curso-udemy-ci4/vendor/codeigniter4/framework/system/Common.php(1271): CodeIgniter\View\View->render('dashboard/movie...', Array, true)
#4 /var/www/html/curso-udemy-ci4/app/Views/dashboard/movie/edit.php(9): view('dashboard/movie...')
#5 /var/www/html/curso-udemy-ci4/vendor/codeigniter4/framework/system/View/View.php(230): include('/var/www/html/c...')
#6 /var/www/html/curso-udemy-ci4/vendor/codeigniter4/framework/system/View/View.php(232): CodeIgniter\View\View->CodeIgniter\View\{closure}()
#7 /var/www/html/curso-udemy-ci4/vendor/codeigniter4/framework/system/Common.php(1271): CodeIgniter\View\View->render('dashboard/movie...', Array, true)
#8 /var/www/html/curso-udemy-ci4/app/Controllers/Movie.php(152): view('dashboard/movie...', Array)
#9 /var/www/html/curso-udemy-ci4/app/Controllers/Movie.php(100): App\Controllers\Movie->_loadDefaultView('Crear pelicula', Array, 'edit')
#10 /var/www/html/curso-udemy-ci4/vendor/codeigniter4/framework/system/CodeIgniter.php(928): App\Controllers\Movie->edit('6')
#11 /var/www/html/curso-udemy-ci4/vendor/codeigniter4/framework/system/CodeIgniter.php(436): CodeIgniter\CodeIgniter->runController(Object(App\Controllers\Movie))
#12 /var/www/html/curso-udemy-ci4/vendor/codeigniter4/framework/system/CodeIgniter.php(336): CodeIgniter\CodeIgniter->handleRequest(NULL, Object(Config\Cache), false)
#13 /var/www/html/curso-udemy-ci4/index.php(37): CodeIgniter\CodeIgniter->run()
#14 {main}
CRITICAL - 2021-07-04 06:18:20 --> foreach() argument must be of type array|object, null given
#0 /var/www/html/curso-udemy-ci4/app/Views/dashboard/movie/_images.php(1): CodeIgniter\Debug\Exceptions->errorHandler(2, 'foreach() argum...', '/var/www/html/c...', 1)
#1 /var/www/html/curso-udemy-ci4/vendor/codeigniter4/framework/system/View/View.php(230): include('/var/www/html/c...')
#2 /var/www/html/curso-udemy-ci4/vendor/codeigniter4/framework/system/View/View.php(232): CodeIgniter\View\View->CodeIgniter\View\{closure}()
#3 /var/www/html/curso-udemy-ci4/vendor/codeigniter4/framework/system/Common.php(1271): CodeIgniter\View\View->render('dashboard/movie...', Array, true)
#4 /var/www/html/curso-udemy-ci4/app/Views/dashboard/movie/edit.php(9): view('dashboard/movie...', Array)
#5 /var/www/html/curso-udemy-ci4/vendor/codeigniter4/framework/system/View/View.php(230): include('/var/www/html/c...')
#6 /var/www/html/curso-udemy-ci4/vendor/codeigniter4/framework/system/View/View.php(232): CodeIgniter\View\View->CodeIgniter\View\{closure}()
#7 /var/www/html/curso-udemy-ci4/vendor/codeigniter4/framework/system/Common.php(1271): CodeIgniter\View\View->render('dashboard/movie...', Array, true)
#8 /var/www/html/curso-udemy-ci4/app/Controllers/Movie.php(152): view('dashboard/movie...', Array)
#9 /var/www/html/curso-udemy-ci4/app/Controllers/Movie.php(100): App\Controllers\Movie->_loadDefaultView('Crear pelicula', Array, 'edit')
#10 /var/www/html/curso-udemy-ci4/vendor/codeigniter4/framework/system/CodeIgniter.php(928): App\Controllers\Movie->edit('6')
#11 /var/www/html/curso-udemy-ci4/vendor/codeigniter4/framework/system/CodeIgniter.php(436): CodeIgniter\CodeIgniter->runController(Object(App\Controllers\Movie))
#12 /var/www/html/curso-udemy-ci4/vendor/codeigniter4/framework/system/CodeIgniter.php(336): CodeIgniter\CodeIgniter->handleRequest(NULL, Object(Config\Cache), false)
#13 /var/www/html/curso-udemy-ci4/index.php(37): CodeIgniter\CodeIgniter->run()
#14 {main}
CRITICAL - 2021-07-04 06:43:13 --> preg_match(): Argument #2 ($subject) must be of type string, array given
#0 /var/www/html/curso-udemy-ci4/vendor/codeigniter4/framework/system/Router/RouteCollection.php(1337): preg_match('#^([0-9]+)$#u', Array)
#1 /var/www/html/curso-udemy-ci4/vendor/codeigniter4/framework/system/Router/RouteCollection.php(1209): CodeIgniter\Router\RouteCollection->fillRouteParams('image/([0-9]+)/...', Array)
#2 /var/www/html/curso-udemy-ci4/vendor/codeigniter4/framework/system/Common.php(1033): CodeIgniter\Router\RouteCollection->reverseRoute('get_image', Array)
#3 /var/www/html/curso-udemy-ci4/app/Views/dashboard/movie/_images.php(3): route_to('get_image', Array)
#4 /var/www/html/curso-udemy-ci4/vendor/codeigniter4/framework/system/View/View.php(230): include('/var/www/html/c...')
#5 /var/www/html/curso-udemy-ci4/vendor/codeigniter4/framework/system/View/View.php(232): CodeIgniter\View\View->CodeIgniter\View\{closure}()
#6 /var/www/html/curso-udemy-ci4/vendor/codeigniter4/framework/system/Common.php(1271): CodeIgniter\View\View->render('dashboard/movie...', Array, true)
#7 /var/www/html/curso-udemy-ci4/app/Views/dashboard/movie/edit.php(9): view('dashboard/movie...')
#8 /var/www/html/curso-udemy-ci4/vendor/codeigniter4/framework/system/View/View.php(230): include('/var/www/html/c...')
#9 /var/www/html/curso-udemy-ci4/vendor/codeigniter4/framework/system/View/View.php(232): CodeIgniter\View\View->CodeIgniter\View\{closure}()
#10 /var/www/html/curso-udemy-ci4/vendor/codeigniter4/framework/system/Common.php(1271): CodeIgniter\View\View->render('dashboard/movie...', Array, true)
#11 /var/www/html/curso-udemy-ci4/app/Controllers/Movie.php(153): view('dashboard/movie...', Array)
#12 /var/www/html/curso-udemy-ci4/app/Controllers/Movie.php(101): App\Controllers\Movie->_loadDefaultView('Crear pelicula', Array, 'edit')
#13 /var/www/html/curso-udemy-ci4/vendor/codeigniter4/framework/system/CodeIgniter.php(928): App\Controllers\Movie->edit('6')
#14 /var/www/html/curso-udemy-ci4/vendor/codeigniter4/framework/system/CodeIgniter.php(436): CodeIgniter\CodeIgniter->runController(Object(App\Controllers\Movie))
#15 /var/www/html/curso-udemy-ci4/vendor/codeigniter4/framework/system/CodeIgniter.php(336): CodeIgniter\CodeIgniter->handleRequest(NULL, Object(Config\Cache), false)
#16 /var/www/html/curso-udemy-ci4/index.php(37): CodeIgniter\CodeIgniter->run()
#17 {main}
CRITICAL - 2021-07-04 06:50:08 --> 6 is not a valid HTTP return status code
#0 /var/www/html/curso-udemy-ci4/vendor/codeigniter4/framework/system/HTTP/ResponseTrait.php(150): CodeIgniter\HTTP\Exceptions\HTTPException::forInvalidStatusCode(6)
#1 /var/www/html/curso-udemy-ci4/vendor/codeigniter4/framework/system/HTTP/ResponseTrait.php(558): CodeIgniter\HTTP\Response->setStatusCode(6)
#2 /var/www/html/curso-udemy-ci4/vendor/codeigniter4/framework/system/HTTP/RedirectResponse.php(42): CodeIgniter\HTTP\Response->redirect('http://localhos...', '1625398502_a33b...', 6)
#3 /var/www/html/curso-udemy-ci4/app/Views/dashboard/movie/_images.php(3): CodeIgniter\HTTP\RedirectResponse->to('http://localhos...', 6, '1625398502_a33b...')
#4 /var/www/html/curso-udemy-ci4/vendor/codeigniter4/framework/system/View/View.php(230): include('/var/www/html/c...')
#5 /var/www/html/curso-udemy-ci4/vendor/codeigniter4/framework/system/View/View.php(232): CodeIgniter\View\View->CodeIgniter\View\{closure}()
#6 /var/www/html/curso-udemy-ci4/vendor/codeigniter4/framework/system/Common.php(1271): CodeIgniter\View\View->render('dashboard/movie...', Array, true)
#7 /var/www/html/curso-udemy-ci4/app/Views/dashboard/movie/edit.php(9): view('dashboard/movie...')
#8 /var/www/html/curso-udemy-ci4/vendor/codeigniter4/framework/system/View/View.php(230): include('/var/www/html/c...')
#9 /var/www/html/curso-udemy-ci4/vendor/codeigniter4/framework/system/View/View.php(232): CodeIgniter\View\View->CodeIgniter\View\{closure}()
#10 /var/www/html/curso-udemy-ci4/vendor/codeigniter4/framework/system/Common.php(1271): CodeIgniter\View\View->render('dashboard/movie...', Array, true)
#11 /var/www/html/curso-udemy-ci4/app/Controllers/Movie.php(153): view('dashboard/movie...', Array)
#12 /var/www/html/curso-udemy-ci4/app/Controllers/Movie.php(101): App\Controllers\Movie->_loadDefaultView('Crear pelicula', Array, 'edit')
#13 /var/www/html/curso-udemy-ci4/vendor/codeigniter4/framework/system/CodeIgniter.php(928): App\Controllers\Movie->edit('6')
#14 /var/www/html/curso-udemy-ci4/vendor/codeigniter4/framework/system/CodeIgniter.php(436): CodeIgniter\CodeIgniter->runController(Object(App\Controllers\Movie))
#15 /var/www/html/curso-udemy-ci4/vendor/codeigniter4/framework/system/CodeIgniter.php(336): CodeIgniter\CodeIgniter->handleRequest(NULL, Object(Config\Cache), false)
#16 /var/www/html/curso-udemy-ci4/index.php(37): CodeIgniter\CodeIgniter->run()
#17 {main}
CRITICAL - 2021-07-04 07:01:27 --> 6 is not a valid HTTP return status code
#0 /var/www/html/curso-udemy-ci4/vendor/codeigniter4/framework/system/HTTP/ResponseTrait.php(150): CodeIgniter\HTTP\Exceptions\HTTPException::forInvalidStatusCode(6)
#1 /var/www/html/curso-udemy-ci4/vendor/codeigniter4/framework/system/HTTP/ResponseTrait.php(558): CodeIgniter\HTTP\Response->setStatusCode(6)
#2 /var/www/html/curso-udemy-ci4/vendor/codeigniter4/framework/system/HTTP/RedirectResponse.php(42): CodeIgniter\HTTP\Response->redirect('http://localhos...', '1625398502_a33b...', 6)
#3 /var/www/html/curso-udemy-ci4/app/Views/dashboard/movie/_images.php(4): CodeIgniter\HTTP\RedirectResponse->to('http://localhos...', 6, '1625398502_a33b...')
#4 /var/www/html/curso-udemy-ci4/vendor/codeigniter4/framework/system/View/View.php(230): include('/var/www/html/c...')
#5 /var/www/html/curso-udemy-ci4/vendor/codeigniter4/framework/system/View/View.php(232): CodeIgniter\View\View->CodeIgniter\View\{closure}()
#6 /var/www/html/curso-udemy-ci4/vendor/codeigniter4/framework/system/Common.php(1271): CodeIgniter\View\View->render('dashboard/movie...', Array, true)
#7 /var/www/html/curso-udemy-ci4/app/Views/dashboard/movie/edit.php(9): view('dashboard/movie...')
#8 /var/www/html/curso-udemy-ci4/vendor/codeigniter4/framework/system/View/View.php(230): include('/var/www/html/c...')
#9 /var/www/html/curso-udemy-ci4/vendor/codeigniter4/framework/system/View/View.php(232): CodeIgniter\View\View->CodeIgniter\View\{closure}()
#10 /var/www/html/curso-udemy-ci4/vendor/codeigniter4/framework/system/Common.php(1271): CodeIgniter\View\View->render('dashboard/movie...', Array, true)
#11 /var/www/html/curso-udemy-ci4/app/Controllers/Movie.php(153): view('dashboard/movie...', Array)
#12 /var/www/html/curso-udemy-ci4/app/Controllers/Movie.php(101): App\Controllers\Movie->_loadDefaultView('Crear pelicula', Array, 'edit')
#13 /var/www/html/curso-udemy-ci4/vendor/codeigniter4/framework/system/CodeIgniter.php(928): App\Controllers\Movie->edit('6')
#14 /var/www/html/curso-udemy-ci4/vendor/codeigniter4/framework/system/CodeIgniter.php(436): CodeIgniter\CodeIgniter->runController(Object(App\Controllers\Movie))
#15 /var/www/html/curso-udemy-ci4/vendor/codeigniter4/framework/system/CodeIgniter.php(336): CodeIgniter\CodeIgniter->handleRequest(NULL, Object(Config\Cache), false)
#16 /var/www/html/curso-udemy-ci4/index.php(37): CodeIgniter\CodeIgniter->run()
#17 {main}
CRITICAL - 2021-07-04 07:05:39 --> 6 is not a valid HTTP return status code
#0 /var/www/html/curso-udemy-ci4/vendor/codeigniter4/framework/system/HTTP/ResponseTrait.php(150): CodeIgniter\HTTP\Exceptions\HTTPException::forInvalidStatusCode(6)
#1 /var/www/html/curso-udemy-ci4/vendor/codeigniter4/framework/system/HTTP/ResponseTrait.php(558): CodeIgniter\HTTP\Response->setStatusCode(6)
#2 /var/www/html/curso-udemy-ci4/vendor/codeigniter4/framework/system/HTTP/RedirectResponse.php(42): CodeIgniter\HTTP\Response->redirect('http://localhos...', '1625398502_a33b...', 6)
#3 /var/www/html/curso-udemy-ci4/app/Views/dashboard/movie/_images.php(3): CodeIgniter\HTTP\RedirectResponse->to('http://localhos...', 6, '1625398502_a33b...')
#4 /var/www/html/curso-udemy-ci4/vendor/codeigniter4/framework/system/View/View.php(230): include('/var/www/html/c...')
#5 /var/www/html/curso-udemy-ci4/vendor/codeigniter4/framework/system/View/View.php(232): CodeIgniter\View\View->CodeIgniter\View\{closure}()
#6 /var/www/html/curso-udemy-ci4/vendor/codeigniter4/framework/system/Common.php(1271): CodeIgniter\View\View->render('dashboard/movie...', Array, true)
#7 /var/www/html/curso-udemy-ci4/app/Views/dashboard/movie/edit.php(9): view('dashboard/movie...')
#8 /var/www/html/curso-udemy-ci4/vendor/codeigniter4/framework/system/View/View.php(230): include('/var/www/html/c...')
#9 /var/www/html/curso-udemy-ci4/vendor/codeigniter4/framework/system/View/View.php(232): CodeIgniter\View\View->CodeIgniter\View\{closure}()
#10 /var/www/html/curso-udemy-ci4/vendor/codeigniter4/framework/system/Common.php(1271): CodeIgniter\View\View->render('dashboard/movie...', Array, true)
#11 /var/www/html/curso-udemy-ci4/app/Controllers/Movie.php(153): view('dashboard/movie...', Array)
#12 /var/www/html/curso-udemy-ci4/app/Controllers/Movie.php(101): App\Controllers\Movie->_loadDefaultView('Crear pelicula', Array, 'edit')
#13 /var/www/html/curso-udemy-ci4/vendor/codeigniter4/framework/system/CodeIgniter.php(928): App\Controllers\Movie->edit('6')
#14 /var/www/html/curso-udemy-ci4/vendor/codeigniter4/framework/system/CodeIgniter.php(436): CodeIgniter\CodeIgniter->runController(Object(App\Controllers\Movie))
#15 /var/www/html/curso-udemy-ci4/vendor/codeigniter4/framework/system/CodeIgniter.php(336): CodeIgniter\CodeIgniter->handleRequest(NULL, Object(Config\Cache), false)
#16 /var/www/html/curso-udemy-ci4/index.php(37): CodeIgniter\CodeIgniter->run()
#17 {main}
CRITICAL - 2021-07-04 07:09:54 --> CodeIgniter\HTTP\RedirectResponse::route(): Argument #2 ($params) must be of type array, string given, called in /var/www/html/curso-udemy-ci4/app/Views/dashboard/movie/_images.php on line 3
#0 /var/www/html/curso-udemy-ci4/app/Views/dashboard/movie/_images.php(3): CodeIgniter\HTTP\RedirectResponse->route('get_image', '6', '1625398502_a33b...')
#1 /var/www/html/curso-udemy-ci4/vendor/codeigniter4/framework/system/View/View.php(230): include('/var/www/html/c...')
#2 /var/www/html/curso-udemy-ci4/vendor/codeigniter4/framework/system/View/View.php(232): CodeIgniter\View\View->CodeIgniter\View\{closure}()
#3 /var/www/html/curso-udemy-ci4/vendor/codeigniter4/framework/system/Common.php(1271): CodeIgniter\View\View->render('dashboard/movie...', Array, true)
#4 /var/www/html/curso-udemy-ci4/app/Views/dashboard/movie/edit.php(9): view('dashboard/movie...')
#5 /var/www/html/curso-udemy-ci4/vendor/codeigniter4/framework/system/View/View.php(230): include('/var/www/html/c...')
#6 /var/www/html/curso-udemy-ci4/vendor/codeigniter4/framework/system/View/View.php(232): CodeIgniter\View\View->CodeIgniter\View\{closure}()
#7 /var/www/html/curso-udemy-ci4/vendor/codeigniter4/framework/system/Common.php(1271): CodeIgniter\View\View->render('dashboard/movie...', Array, true)
#8 /var/www/html/curso-udemy-ci4/app/Controllers/Movie.php(153): view('dashboard/movie...', Array)
#9 /var/www/html/curso-udemy-ci4/app/Controllers/Movie.php(101): App\Controllers\Movie->_loadDefaultView('Crear pelicula', Array, 'edit')
#10 /var/www/html/curso-udemy-ci4/vendor/codeigniter4/framework/system/CodeIgniter.php(928): App\Controllers\Movie->edit('6')
#11 /var/www/html/curso-udemy-ci4/vendor/codeigniter4/framework/system/CodeIgniter.php(436): CodeIgniter\CodeIgniter->runController(Object(App\Controllers\Movie))
#12 /var/www/html/curso-udemy-ci4/vendor/codeigniter4/framework/system/CodeIgniter.php(336): CodeIgniter\CodeIgniter->handleRequest(NULL, Object(Config\Cache), false)
#13 /var/www/html/curso-udemy-ci4/index.php(37): CodeIgniter\CodeIgniter->run()
#14 {main}
CRITICAL - 2021-07-04 07:10:17 --> CodeIgniter\HTTP\RedirectResponse::route(): Argument #2 ($params) must be of type array, string given, called in /var/www/html/curso-udemy-ci4/app/Views/dashboard/movie/_images.php on line 3
#0 /var/www/html/curso-udemy-ci4/app/Views/dashboard/movie/_images.php(3): CodeIgniter\HTTP\RedirectResponse->route('image', '6', '1625398502_a33b...')
#1 /var/www/html/curso-udemy-ci4/vendor/codeigniter4/framework/system/View/View.php(230): include('/var/www/html/c...')
#2 /var/www/html/curso-udemy-ci4/vendor/codeigniter4/framework/system/View/View.php(232): CodeIgniter\View\View->CodeIgniter\View\{closure}()
#3 /var/www/html/curso-udemy-ci4/vendor/codeigniter4/framework/system/Common.php(1271): CodeIgniter\View\View->render('dashboard/movie...', Array, true)
#4 /var/www/html/curso-udemy-ci4/app/Views/dashboard/movie/edit.php(9): view('dashboard/movie...')
#5 /var/www/html/curso-udemy-ci4/vendor/codeigniter4/framework/system/View/View.php(230): include('/var/www/html/c...')
#6 /var/www/html/curso-udemy-ci4/vendor/codeigniter4/framework/system/View/View.php(232): CodeIgniter\View\View->CodeIgniter\View\{closure}()
#7 /var/www/html/curso-udemy-ci4/vendor/codeigniter4/framework/system/Common.php(1271): CodeIgniter\View\View->render('dashboard/movie...', Array, true)
#8 /var/www/html/curso-udemy-ci4/app/Controllers/Movie.php(153): view('dashboard/movie...', Array)
#9 /var/www/html/curso-udemy-ci4/app/Controllers/Movie.php(101): App\Controllers\Movie->_loadDefaultView('Crear pelicula', Array, 'edit')
#10 /var/www/html/curso-udemy-ci4/vendor/codeigniter4/framework/system/CodeIgniter.php(928): App\Controllers\Movie->edit('6')
#11 /var/www/html/curso-udemy-ci4/vendor/codeigniter4/framework/system/CodeIgniter.php(436): CodeIgniter\CodeIgniter->runController(Object(App\Controllers\Movie))
#12 /var/www/html/curso-udemy-ci4/vendor/codeigniter4/framework/system/CodeIgniter.php(336): CodeIgniter\CodeIgniter->handleRequest(NULL, Object(Config\Cache), false)
#13 /var/www/html/curso-udemy-ci4/index.php(37): CodeIgniter\CodeIgniter->run()
#14 {main}
CRITICAL - 2021-07-04 07:11:26 --> Unclosed '[' does not match ')'
#0 /var/www/html/curso-udemy-ci4/vendor/codeigniter4/framework/system/View/View.php(232): CodeIgniter\View\View->CodeIgniter\View\{closure}()
#1 /var/www/html/curso-udemy-ci4/vendor/codeigniter4/framework/system/Common.php(1271): CodeIgniter\View\View->render('dashboard/movie...', Array, true)
#2 /var/www/html/curso-udemy-ci4/app/Views/dashboard/movie/edit.php(9): view('dashboard/movie...')
#3 /var/www/html/curso-udemy-ci4/vendor/codeigniter4/framework/system/View/View.php(230): include('/var/www/html/c...')
#4 /var/www/html/curso-udemy-ci4/vendor/codeigniter4/framework/system/View/View.php(232): CodeIgniter\View\View->CodeIgniter\View\{closure}()
#5 /var/www/html/curso-udemy-ci4/vendor/codeigniter4/framework/system/Common.php(1271): CodeIgniter\View\View->render('dashboard/movie...', Array, true)
#6 /var/www/html/curso-udemy-ci4/app/Controllers/Movie.php(153): view('dashboard/movie...', Array)
#7 /var/www/html/curso-udemy-ci4/app/Controllers/Movie.php(101): App\Controllers\Movie->_loadDefaultView('Crear pelicula', Array, 'edit')
#8 /var/www/html/curso-udemy-ci4/vendor/codeigniter4/framework/system/CodeIgniter.php(928): App\Controllers\Movie->edit('6')
#9 /var/www/html/curso-udemy-ci4/vendor/codeigniter4/framework/system/CodeIgniter.php(436): CodeIgniter\CodeIgniter->runController(Object(App\Controllers\Movie))
#10 /var/www/html/curso-udemy-ci4/vendor/codeigniter4/framework/system/CodeIgniter.php(336): CodeIgniter\CodeIgniter->handleRequest(NULL, Object(Config\Cache), false)
#11 /var/www/html/curso-udemy-ci4/index.php(37): CodeIgniter\CodeIgniter->run()
#12 {main}
CRITICAL - 2021-07-04 07:13:30 --> 6 is not a valid HTTP return status code
#0 /var/www/html/curso-udemy-ci4/vendor/codeigniter4/framework/system/HTTP/ResponseTrait.php(150): CodeIgniter\HTTP\Exceptions\HTTPException::forInvalidStatusCode(6)
#1 /var/www/html/curso-udemy-ci4/vendor/codeigniter4/framework/system/HTTP/ResponseTrait.php(558): CodeIgniter\HTTP\Response->setStatusCode(6)
#2 /var/www/html/curso-udemy-ci4/vendor/codeigniter4/framework/system/HTTP/RedirectResponse.php(42): CodeIgniter\HTTP\Response->redirect('http://localhos...', '1625398502_a33b...', 6)
#3 /var/www/html/curso-udemy-ci4/app/Views/dashboard/movie/_images.php(3): CodeIgniter\HTTP\RedirectResponse->to('http://localhos...', 6, '1625398502_a33b...')
#4 /var/www/html/curso-udemy-ci4/vendor/codeigniter4/framework/system/View/View.php(230): include('/var/www/html/c...')
#5 /var/www/html/curso-udemy-ci4/vendor/codeigniter4/framework/system/View/View.php(232): CodeIgniter\View\View->CodeIgniter\View\{closure}()
#6 /var/www/html/curso-udemy-ci4/vendor/codeigniter4/framework/system/Common.php(1271): CodeIgniter\View\View->render('dashboard/movie...', Array, true)
#7 /var/www/html/curso-udemy-ci4/app/Views/dashboard/movie/edit.php(9): view('dashboard/movie...')
#8 /var/www/html/curso-udemy-ci4/vendor/codeigniter4/framework/system/View/View.php(230): include('/var/www/html/c...')
#9 /var/www/html/curso-udemy-ci4/vendor/codeigniter4/framework/system/View/View.php(232): CodeIgniter\View\View->CodeIgniter\View\{closure}()
#10 /var/www/html/curso-udemy-ci4/vendor/codeigniter4/framework/system/Common.php(1271): CodeIgniter\View\View->render('dashboard/movie...', Array, true)
#11 /var/www/html/curso-udemy-ci4/app/Controllers/Movie.php(153): view('dashboard/movie...', Array)
#12 /var/www/html/curso-udemy-ci4/app/Controllers/Movie.php(101): App\Controllers\Movie->_loadDefaultView('Crear pelicula', Array, 'edit')
#13 /var/www/html/curso-udemy-ci4/vendor/codeigniter4/framework/system/CodeIgniter.php(928): App\Controllers\Movie->edit('6')
#14 /var/www/html/curso-udemy-ci4/vendor/codeigniter4/framework/system/CodeIgniter.php(436): CodeIgniter\CodeIgniter->runController(Object(App\Controllers\Movie))
#15 /var/www/html/curso-udemy-ci4/vendor/codeigniter4/framework/system/CodeIgniter.php(336): CodeIgniter\CodeIgniter->handleRequest(NULL, Object(Config\Cache), false)
#16 /var/www/html/curso-udemy-ci4/index.php(37): CodeIgniter\CodeIgniter->run()
#17 {main}
CRITICAL - 2021-07-04 07:13:37 --> 6 is not a valid HTTP return status code
#0 /var/www/html/curso-udemy-ci4/vendor/codeigniter4/framework/system/HTTP/ResponseTrait.php(150): CodeIgniter\HTTP\Exceptions\HTTPException::forInvalidStatusCode(6)
#1 /var/www/html/curso-udemy-ci4/vendor/codeigniter4/framework/system/HTTP/ResponseTrait.php(558): CodeIgniter\HTTP\Response->setStatusCode(6)
#2 /var/www/html/curso-udemy-ci4/vendor/codeigniter4/framework/system/HTTP/RedirectResponse.php(42): CodeIgniter\HTTP\Response->redirect('http://localhos...', '1625398502_a33b...', 6)
#3 /var/www/html/curso-udemy-ci4/app/Views/dashboard/movie/_images.php(3): CodeIgniter\HTTP\RedirectResponse->to('http://localhos...', 6, '1625398502_a33b...')
#4 /var/www/html/curso-udemy-ci4/vendor/codeigniter4/framework/system/View/View.php(230): include('/var/www/html/c...')
#5 /var/www/html/curso-udemy-ci4/vendor/codeigniter4/framework/system/View/View.php(232): CodeIgniter\View\View->CodeIgniter\View\{closure}()
#6 /var/www/html/curso-udemy-ci4/vendor/codeigniter4/framework/system/Common.php(1271): CodeIgniter\View\View->render('dashboard/movie...', Array, true)
#7 /var/www/html/curso-udemy-ci4/app/Views/dashboard/movie/edit.php(9): view('dashboard/movie...')
#8 /var/www/html/curso-udemy-ci4/vendor/codeigniter4/framework/system/View/View.php(230): include('/var/www/html/c...')
#9 /var/www/html/curso-udemy-ci4/vendor/codeigniter4/framework/system/View/View.php(232): CodeIgniter\View\View->CodeIgniter\View\{closure}()
#10 /var/www/html/curso-udemy-ci4/vendor/codeigniter4/framework/system/Common.php(1271): CodeIgniter\View\View->render('dashboard/movie...', Array, true)
#11 /var/www/html/curso-udemy-ci4/app/Controllers/Movie.php(153): view('dashboard/movie...', Array)
#12 /var/www/html/curso-udemy-ci4/app/Controllers/Movie.php(101): App\Controllers\Movie->_loadDefaultView('Crear pelicula', Array, 'edit')
#13 /var/www/html/curso-udemy-ci4/vendor/codeigniter4/framework/system/CodeIgniter.php(928): App\Controllers\Movie->edit('6')
#14 /var/www/html/curso-udemy-ci4/vendor/codeigniter4/framework/system/CodeIgniter.php(436): CodeIgniter\CodeIgniter->runController(Object(App\Controllers\Movie))
#15 /var/www/html/curso-udemy-ci4/vendor/codeigniter4/framework/system/CodeIgniter.php(336): CodeIgniter\CodeIgniter->handleRequest(NULL, Object(Config\Cache), false)
#16 /var/www/html/curso-udemy-ci4/index.php(37): CodeIgniter\CodeIgniter->run()
#17 {main}
