CRITICAL - 2021-07-03 06:25:56 --> default_full is not a valid Pager template.
#0 /var/www/html/curso-udemy-ci4/vendor/codeigniter4/framework/system/Pager/Pager.php(152): CodeIgniter\Pager\Exceptions\PagerException::forInvalidTemplate('default_full')
#1 /var/www/html/curso-udemy-ci4/vendor/codeigniter4/framework/system/Pager/Pager.php(93): CodeIgniter\Pager\Pager->displayLinks('default', 'default_full')
#2 /var/www/html/curso-udemy-ci4/app/Views/dashboard/movie/index.php(32): CodeIgniter\Pager\Pager->links()
#3 /var/www/html/curso-udemy-ci4/vendor/codeigniter4/framework/system/View/View.php(230): include('/var/www/html/c...')
#4 /var/www/html/curso-udemy-ci4/vendor/codeigniter4/framework/system/View/View.php(232): CodeIgniter\View\View->CodeIgniter\View\{closure}()
#5 /var/www/html/curso-udemy-ci4/vendor/codeigniter4/framework/system/Common.php(1271): CodeIgniter\View\View->render('dashboard/movie...', Array, true)
#6 /var/www/html/curso-udemy-ci4/app/Controllers/Movie.php(148): view('dashboard/movie...', Array)
#7 /var/www/html/curso-udemy-ci4/app/Controllers/Movie.php(27): App\Controllers\Movie->_loadDefaultView('Listado de peli...', Array, 'index')
#8 /var/www/html/curso-udemy-ci4/vendor/codeigniter4/framework/system/CodeIgniter.php(928): App\Controllers\Movie->index()
#9 /var/www/html/curso-udemy-ci4/vendor/codeigniter4/framework/system/CodeIgniter.php(436): CodeIgniter\CodeIgniter->runController(Object(App\Controllers\Movie))
#10 /var/www/html/curso-udemy-ci4/vendor/codeigniter4/framework/system/CodeIgniter.php(336): CodeIgniter\CodeIgniter->handleRequest(NULL, Object(Config\Cache), false)
#11 /var/www/html/curso-udemy-ci4/index.php(37): CodeIgniter\CodeIgniter->run()
#12 {main}
CRITICAL - 2021-07-03 06:39:33 --> Invalid file: CodeIgniter\Pager\Views\default_bootstrap.php
#0 /var/www/html/curso-udemy-ci4/vendor/codeigniter4/framework/system/View/View.php(213): CodeIgniter\Exceptions\FrameworkException::forInvalidFile('CodeIgniter\\Pag...')
#1 /var/www/html/curso-udemy-ci4/vendor/codeigniter4/framework/system/Pager/Pager.php(157): CodeIgniter\View\View->render('CodeIgniter\\Pag...')
#2 /var/www/html/curso-udemy-ci4/vendor/codeigniter4/framework/system/Pager/Pager.php(93): CodeIgniter\Pager\Pager->displayLinks('default', 'default_full')
#3 /var/www/html/curso-udemy-ci4/app/Views/dashboard/movie/index.php(32): CodeIgniter\Pager\Pager->links()
#4 /var/www/html/curso-udemy-ci4/vendor/codeigniter4/framework/system/View/View.php(230): include('/var/www/html/c...')
#5 /var/www/html/curso-udemy-ci4/vendor/codeigniter4/framework/system/View/View.php(232): CodeIgniter\View\View->CodeIgniter\View\{closure}()
#6 /var/www/html/curso-udemy-ci4/vendor/codeigniter4/framework/system/Common.php(1271): CodeIgniter\View\View->render('dashboard/movie...', Array, true)
#7 /var/www/html/curso-udemy-ci4/app/Controllers/Movie.php(148): view('dashboard/movie...', Array)
#8 /var/www/html/curso-udemy-ci4/app/Controllers/Movie.php(27): App\Controllers\Movie->_loadDefaultView('Listado de peli...', Array, 'index')
#9 /var/www/html/curso-udemy-ci4/vendor/codeigniter4/framework/system/CodeIgniter.php(928): App\Controllers\Movie->index()
#10 /var/www/html/curso-udemy-ci4/vendor/codeigniter4/framework/system/CodeIgniter.php(436): CodeIgniter\CodeIgniter->runController(Object(App\Controllers\Movie))
#11 /var/www/html/curso-udemy-ci4/vendor/codeigniter4/framework/system/CodeIgniter.php(336): CodeIgniter\CodeIgniter->handleRequest(NULL, Object(Config\Cache), false)
#12 /var/www/html/curso-udemy-ci4/index.php(37): CodeIgniter\CodeIgniter->run()
#13 {main}
CRITICAL - 2021-07-03 06:40:20 --> Invalid file: CodeIgniter\Pager\Views\default_bootstrap.php
#0 /var/www/html/curso-udemy-ci4/vendor/codeigniter4/framework/system/View/View.php(213): CodeIgniter\Exceptions\FrameworkException::forInvalidFile('CodeIgniter\\Pag...')
#1 /var/www/html/curso-udemy-ci4/vendor/codeigniter4/framework/system/Pager/Pager.php(157): CodeIgniter\View\View->render('CodeIgniter\\Pag...')
#2 /var/www/html/curso-udemy-ci4/vendor/codeigniter4/framework/system/Pager/Pager.php(93): CodeIgniter\Pager\Pager->displayLinks('default', 'default_full')
#3 /var/www/html/curso-udemy-ci4/app/Views/dashboard/movie/index.php(32): CodeIgniter\Pager\Pager->links()
#4 /var/www/html/curso-udemy-ci4/vendor/codeigniter4/framework/system/View/View.php(230): include('/var/www/html/c...')
#5 /var/www/html/curso-udemy-ci4/vendor/codeigniter4/framework/system/View/View.php(232): CodeIgniter\View\View->CodeIgniter\View\{closure}()
#6 /var/www/html/curso-udemy-ci4/vendor/codeigniter4/framework/system/Common.php(1271): CodeIgniter\View\View->render('dashboard/movie...', Array, true)
#7 /var/www/html/curso-udemy-ci4/app/Controllers/Movie.php(148): view('dashboard/movie...', Array)
#8 /var/www/html/curso-udemy-ci4/app/Controllers/Movie.php(27): App\Controllers\Movie->_loadDefaultView('Listado de peli...', Array, 'index')
#9 /var/www/html/curso-udemy-ci4/vendor/codeigniter4/framework/system/CodeIgniter.php(928): App\Controllers\Movie->index()
#10 /var/www/html/curso-udemy-ci4/vendor/codeigniter4/framework/system/CodeIgniter.php(436): CodeIgniter\CodeIgniter->runController(Object(App\Controllers\Movie))
#11 /var/www/html/curso-udemy-ci4/vendor/codeigniter4/framework/system/CodeIgniter.php(336): CodeIgniter\CodeIgniter->handleRequest(NULL, Object(Config\Cache), false)
#12 /var/www/html/curso-udemy-ci4/index.php(37): CodeIgniter\CodeIgniter->run()
#13 {main}
CRITICAL - 2021-07-03 06:41:37 --> Invalid file: CodeIgniter\Pager\Views\Pagers\default_bootstrap.php
#0 /var/www/html/curso-udemy-ci4/vendor/codeigniter4/framework/system/View/View.php(213): CodeIgniter\Exceptions\FrameworkException::forInvalidFile('CodeIgniter\\Pag...')
#1 /var/www/html/curso-udemy-ci4/vendor/codeigniter4/framework/system/Pager/Pager.php(157): CodeIgniter\View\View->render('CodeIgniter\\Pag...')
#2 /var/www/html/curso-udemy-ci4/vendor/codeigniter4/framework/system/Pager/Pager.php(93): CodeIgniter\Pager\Pager->displayLinks('default', 'default_full')
#3 /var/www/html/curso-udemy-ci4/app/Views/dashboard/movie/index.php(32): CodeIgniter\Pager\Pager->links()
#4 /var/www/html/curso-udemy-ci4/vendor/codeigniter4/framework/system/View/View.php(230): include('/var/www/html/c...')
#5 /var/www/html/curso-udemy-ci4/vendor/codeigniter4/framework/system/View/View.php(232): CodeIgniter\View\View->CodeIgniter\View\{closure}()
#6 /var/www/html/curso-udemy-ci4/vendor/codeigniter4/framework/system/Common.php(1271): CodeIgniter\View\View->render('dashboard/movie...', Array, true)
#7 /var/www/html/curso-udemy-ci4/app/Controllers/Movie.php(148): view('dashboard/movie...', Array)
#8 /var/www/html/curso-udemy-ci4/app/Controllers/Movie.php(27): App\Controllers\Movie->_loadDefaultView('Listado de peli...', Array, 'index')
#9 /var/www/html/curso-udemy-ci4/vendor/codeigniter4/framework/system/CodeIgniter.php(928): App\Controllers\Movie->index()
#10 /var/www/html/curso-udemy-ci4/vendor/codeigniter4/framework/system/CodeIgniter.php(436): CodeIgniter\CodeIgniter->runController(Object(App\Controllers\Movie))
#11 /var/www/html/curso-udemy-ci4/vendor/codeigniter4/framework/system/CodeIgniter.php(336): CodeIgniter\CodeIgniter->handleRequest(NULL, Object(Config\Cache), false)
#12 /var/www/html/curso-udemy-ci4/index.php(37): CodeIgniter\CodeIgniter->run()
#13 {main}
CRITICAL - 2021-07-03 06:42:00 --> Invalid file: CodeIgniter\Views\Pagers\default_bootstrap.php
#0 /var/www/html/curso-udemy-ci4/vendor/codeigniter4/framework/system/View/View.php(213): CodeIgniter\Exceptions\FrameworkException::forInvalidFile('CodeIgniter\\Vie...')
#1 /var/www/html/curso-udemy-ci4/vendor/codeigniter4/framework/system/Pager/Pager.php(157): CodeIgniter\View\View->render('CodeIgniter\\Vie...')
#2 /var/www/html/curso-udemy-ci4/vendor/codeigniter4/framework/system/Pager/Pager.php(93): CodeIgniter\Pager\Pager->displayLinks('default', 'default_full')
#3 /var/www/html/curso-udemy-ci4/app/Views/dashboard/movie/index.php(32): CodeIgniter\Pager\Pager->links()
#4 /var/www/html/curso-udemy-ci4/vendor/codeigniter4/framework/system/View/View.php(230): include('/var/www/html/c...')
#5 /var/www/html/curso-udemy-ci4/vendor/codeigniter4/framework/system/View/View.php(232): CodeIgniter\View\View->CodeIgniter\View\{closure}()
#6 /var/www/html/curso-udemy-ci4/vendor/codeigniter4/framework/system/Common.php(1271): CodeIgniter\View\View->render('dashboard/movie...', Array, true)
#7 /var/www/html/curso-udemy-ci4/app/Controllers/Movie.php(148): view('dashboard/movie...', Array)
#8 /var/www/html/curso-udemy-ci4/app/Controllers/Movie.php(27): App\Controllers\Movie->_loadDefaultView('Listado de peli...', Array, 'index')
#9 /var/www/html/curso-udemy-ci4/vendor/codeigniter4/framework/system/CodeIgniter.php(928): App\Controllers\Movie->index()
#10 /var/www/html/curso-udemy-ci4/vendor/codeigniter4/framework/system/CodeIgniter.php(436): CodeIgniter\CodeIgniter->runController(Object(App\Controllers\Movie))
#11 /var/www/html/curso-udemy-ci4/vendor/codeigniter4/framework/system/CodeIgniter.php(336): CodeIgniter\CodeIgniter->handleRequest(NULL, Object(Config\Cache), false)
#12 /var/www/html/curso-udemy-ci4/index.php(37): CodeIgniter\CodeIgniter->run()
#13 {main}
CRITICAL - 2021-07-03 07:42:27 --> list is not a valid Validation template.
#0 /var/www/html/curso-udemy-ci4/vendor/codeigniter4/framework/system/Validation/Validation.php(530): CodeIgniter\Validation\Exceptions\ValidationException::forInvalidTemplate('list')
#1 /var/www/html/curso-udemy-ci4/app/Views/dashboard/partials/_form-error.php(1): CodeIgniter\Validation\Validation->listErrors()
#2 /var/www/html/curso-udemy-ci4/vendor/codeigniter4/framework/system/View/View.php(230): include('/var/www/html/c...')
#3 /var/www/html/curso-udemy-ci4/vendor/codeigniter4/framework/system/View/View.php(232): CodeIgniter\View\View->CodeIgniter\View\{closure}()
#4 /var/www/html/curso-udemy-ci4/vendor/codeigniter4/framework/system/Common.php(1271): CodeIgniter\View\View->render('dashboard/parti...', Array, true)
#5 /var/www/html/curso-udemy-ci4/app/Views/dashboard/movie/edit.php(1): view('dashboard/parti...')
#6 /var/www/html/curso-udemy-ci4/vendor/codeigniter4/framework/system/View/View.php(230): include('/var/www/html/c...')
#7 /var/www/html/curso-udemy-ci4/vendor/codeigniter4/framework/system/View/View.php(232): CodeIgniter\View\View->CodeIgniter\View\{closure}()
#8 /var/www/html/curso-udemy-ci4/vendor/codeigniter4/framework/system/Common.php(1271): CodeIgniter\View\View->render('dashboard/movie...', Array, true)
#9 /var/www/html/curso-udemy-ci4/app/Controllers/Movie.php(148): view('dashboard/movie...', Array)
#10 /var/www/html/curso-udemy-ci4/app/Controllers/Movie.php(96): App\Controllers\Movie->_loadDefaultView('Crear pelicula', Array, 'edit')
#11 /var/www/html/curso-udemy-ci4/vendor/codeigniter4/framework/system/CodeIgniter.php(928): App\Controllers\Movie->edit('6')
#12 /var/www/html/curso-udemy-ci4/vendor/codeigniter4/framework/system/CodeIgniter.php(436): CodeIgniter\CodeIgniter->runController(Object(App\Controllers\Movie))
#13 /var/www/html/curso-udemy-ci4/vendor/codeigniter4/framework/system/CodeIgniter.php(336): CodeIgniter\CodeIgniter->handleRequest(NULL, Object(Config\Cache), false)
#14 /var/www/html/curso-udemy-ci4/index.php(37): CodeIgniter\CodeIgniter->run()
#15 {main}
CRITICAL - 2021-07-03 07:47:58 --> Invalid file: App\View\Validations\list_bootstrap.php
#0 /var/www/html/curso-udemy-ci4/vendor/codeigniter4/framework/system/View/View.php(213): CodeIgniter\Exceptions\FrameworkException::forInvalidFile('App\\View\\Valida...')
#1 /var/www/html/curso-udemy-ci4/vendor/codeigniter4/framework/system/Validation/Validation.php(535): CodeIgniter\View\View->render('App\\View\\Valida...')
#2 /var/www/html/curso-udemy-ci4/app/Views/dashboard/partials/_form-error.php(1): CodeIgniter\Validation\Validation->listErrors()
#3 /var/www/html/curso-udemy-ci4/vendor/codeigniter4/framework/system/View/View.php(230): include('/var/www/html/c...')
#4 /var/www/html/curso-udemy-ci4/vendor/codeigniter4/framework/system/View/View.php(232): CodeIgniter\View\View->CodeIgniter\View\{closure}()
#5 /var/www/html/curso-udemy-ci4/vendor/codeigniter4/framework/system/Common.php(1271): CodeIgniter\View\View->render('dashboard/parti...', Array, true)
#6 /var/www/html/curso-udemy-ci4/app/Views/dashboard/movie/edit.php(1): view('dashboard/parti...')
#7 /var/www/html/curso-udemy-ci4/vendor/codeigniter4/framework/system/View/View.php(230): include('/var/www/html/c...')
#8 /var/www/html/curso-udemy-ci4/vendor/codeigniter4/framework/system/View/View.php(232): CodeIgniter\View\View->CodeIgniter\View\{closure}()
#9 /var/www/html/curso-udemy-ci4/vendor/codeigniter4/framework/system/Common.php(1271): CodeIgniter\View\View->render('dashboard/movie...', Array, true)
#10 /var/www/html/curso-udemy-ci4/app/Controllers/Movie.php(148): view('dashboard/movie...', Array)
#11 /var/www/html/curso-udemy-ci4/app/Controllers/Movie.php(96): App\Controllers\Movie->_loadDefaultView('Crear pelicula', Array, 'edit')
#12 /var/www/html/curso-udemy-ci4/vendor/codeigniter4/framework/system/CodeIgniter.php(928): App\Controllers\Movie->edit('6')
#13 /var/www/html/curso-udemy-ci4/vendor/codeigniter4/framework/system/CodeIgniter.php(436): CodeIgniter\CodeIgniter->runController(Object(App\Controllers\Movie))
#14 /var/www/html/curso-udemy-ci4/vendor/codeigniter4/framework/system/CodeIgniter.php(336): CodeIgniter\CodeIgniter->handleRequest(NULL, Object(Config\Cache), false)
#15 /var/www/html/curso-udemy-ci4/index.php(37): CodeIgniter\CodeIgniter->run()
#16 {main}
